<?xml version="1.0" encoding="UTF-8"?>
<coverage generated="1730382487448" clover="3.2.0">
  <project timestamp="1730382487448" name="All files">
    <metrics statements="42" coveredstatements="36" conditionals="6" coveredconditionals="5" methods="4" coveredmethods="2" elements="52" coveredelements="43" complexity="0" loc="42" ncloc="42" packages="2" files="3" classes="3"/>
    <package name="src">
      <metrics statements="17" coveredstatements="16" conditionals="5" coveredconditionals="4" methods="2" coveredmethods="1"/>
      <file name="index.ts" path="C:\Users\Ellen\VS Code\API och backend\github_actions_lesson\src\index.ts">
        <metrics statements="17" coveredstatements="16" conditionals="5" coveredconditionals="4" methods="2" coveredmethods="1"/>
        <line num="1" count="1" type="stmt"/>
        <line num="2" count="1" type="stmt"/>
        <line num="3" count="1" type="stmt"/>
        <line num="4" count="1" type="stmt"/>
        <line num="6" count="1" type="stmt"/>
        <line num="10" count="1" type="cond" truecount="1" falsecount="1"/>
        <line num="14" count="1" type="stmt"/>
        <line num="20" count="1" type="stmt"/>
        <line num="22" count="1" type="stmt"/>
        <line num="25" count="1" type="stmt"/>
        <line num="26" count="1" type="stmt"/>
        <line num="28" count="1" type="stmt"/>
        <line num="29" count="0" type="stmt"/>
        <line num="33" count="1" type="cond" truecount="1" falsecount="0"/>
        <line num="34" count="1" type="cond" truecount="2" falsecount="0"/>
        <line num="35" count="1" type="stmt"/>
        <line num="38" count="1" type="stmt"/>
      </file>
    </package>
    <package name="src.routes">
      <metrics statements="25" coveredstatements="20" conditionals="1" coveredconditionals="1" methods="2" coveredmethods="1"/>
      <file name="recipes.ts" path="C:\Users\Ellen\VS Code\API och backend\github_actions_lesson\src\routes\recipes.ts">
        <metrics statements="11" coveredstatements="6" conditionals="0" coveredconditionals="0" methods="1" coveredmethods="0"/>
        <line num="1" count="1" type="stmt"/>
        <line num="2" count="1" type="stmt"/>
        <line num="4" count="1" type="stmt"/>
        <line num="5" count="1" type="stmt"/>
        <line num="8" count="1" type="stmt"/>
        <line num="9" count="0" type="stmt"/>
        <line num="10" count="0" type="stmt"/>
        <line num="11" count="0" type="stmt"/>
        <line num="13" count="0" type="stmt"/>
        <line num="14" count="0" type="stmt"/>
        <line num="18" count="1" type="stmt"/>
      </file>
      <file name="users.ts" path="C:\Users\Ellen\VS Code\API och backend\github_actions_lesson\src\routes\users.ts">
        <metrics statements="14" coveredstatements="14" conditionals="1" coveredconditionals="1" methods="1" coveredmethods="1"/>
        <line num="1" count="1" type="stmt"/>
        <line num="2" count="1" type="stmt"/>
        <line num="4" count="1" type="stmt"/>
        <line num="6" count="1" type="stmt"/>
        <line num="7" count="3" type="stmt"/>
        <line num="8" count="3" type="stmt"/>
        <line num="9" count="3" type="stmt"/>
        <line num="18" count="2" type="cond" truecount="1" falsecount="0"/>
        <line num="19" count="1" type="stmt"/>
        <line num="21" count="1" type="stmt"/>
        <line num="23" count="1" type="stmt"/>
        <line num="24" count="1" type="stmt"/>
        <line num="25" count="1" type="stmt"/>
        <line num="29" count="1" type="stmt"/>
      </file>
    </package>
  </project>
</coverage>
