{"C:\\Users\\Ellen\\VS Code\\API och backend\\github_actions_lesson\\src\\index.ts": {"path":"C:\\Users\\Ellen\\VS Code\\API och backend\\github_actions_lesson\\src\\index.ts","statementMap":{"0":{"start":{"line":1,"column":0},"end":{"line":1,"column":30}},"1":{"start":{"line":2,"column":0},"end":{"line":2,"column":24}},"2":{"start":{"line":3,"column":0},"end":{"line":3,"column":48}},"3":{"start":{"line":4,"column":0},"end":{"line":4,"column":43}},"4":{"start":{"line":6,"column":12},"end":{"line":6,"column":21}},"5":{"start":{"line":10,"column":2},"end":{"line":12,"column":69}},"6":{"start":{"line":14,"column":38},"end":{"line":17,"column":2}},"7":{"start":{"line":20,"column":0},"end":{"line":20,"column":27}},"8":{"start":{"line":22,"column":0},"end":{"line":22,"column":24}},"9":{"start":{"line":25,"column":0},"end":{"line":25,"column":35}},"10":{"start":{"line":26,"column":0},"end":{"line":26,"column":34}},"11":{"start":{"line":28,"column":0},"end":{"line":30,"column":3}},"12":{"start":{"line":29,"column":2},"end":{"line":29,"column":33}},"13":{"start":{"line":33,"column":0},"end":{"line":36,"column":1}},"14":{"start":{"line":34,"column":15},"end":{"line":34,"column":39}},"15":{"start":{"line":35,"column":2},"end":{"line":35,"column":72}},"16":{"start":{"line":35,"column":25},"end":{"line":35,"column":70}},"17":{"start":{"line":38,"column":0},"end":{"line":38,"column":19}}},"fnMap":{"0":{"name":"(anonymous_1)","decl":{"start":{"line":28,"column":13},"end":{"line":28,"column":14}},"loc":{"start":{"line":28,"column":26},"end":{"line":30,"column":1}}},"1":{"name":"(anonymous_2)","decl":{"start":{"line":35,"column":19},"end":{"line":35,"column":22}},"loc":{"start":{"line":35,"column":25},"end":{"line":35,"column":70}}}},"branchMap":{"0":{"loc":{"start":{"line":10,"column":2},"end":{"line":12,"column":69}},"type":"cond-expr","locations":[{"start":{"line":11,"column":6},"end":{"line":11,"column":90}},{"start":{"line":12,"column":6},"end":{"line":12,"column":69}}]},"1":{"loc":{"start":{"line":33,"column":0},"end":{"line":36,"column":1}},"type":"if","locations":[{"start":{"line":33,"column":0},"end":{"line":36,"column":1}}]},"2":{"loc":{"start":{"line":34,"column":15},"end":{"line":34,"column":39}},"type":"binary-expr","locations":[{"start":{"line":34,"column":15},"end":{"line":34,"column":31}},{"start":{"line":34,"column":35},"end":{"line":34,"column":39}}]}},"s":{"0":1,"1":1,"2":1,"3":1,"4":1,"5":1,"6":1,"7":1,"8":1,"9":1,"10":1,"11":1,"12":0,"13":1,"14":1,"15":1,"16":1,"17":1},"f":{"0":0,"1":1},"b":{"0":[0,1],"1":[1],"2":[1,1]}}
,"C:\\Users\\Ellen\\VS Code\\API och backend\\github_actions_lesson\\src\\routes\\recipes.ts": {"path":"C:\\Users\\Ellen\\VS Code\\API och backend\\github_actions_lesson\\src\\routes\\recipes.ts","statementMap":{"0":{"start":{"line":1,"column":0},"end":{"line":1,"column":30}},"1":{"start":{"line":2,"column":0},"end":{"line":2,"column":46}},"2":{"start":{"line":4,"column":15},"end":{"line":4,"column":31}},"3":{"start":{"line":5,"column":15},"end":{"line":5,"column":33}},"4":{"start":{"line":8,"column":0},"end":{"line":16,"column":3}},"5":{"start":{"line":9,"column":2},"end":{"line":15,"column":3}},"6":{"start":{"line":10,"column":20},"end":{"line":10,"column":50}},"7":{"start":{"line":11,"column":4},"end":{"line":11,"column":22}},"8":{"start":{"line":13,"column":4},"end":{"line":13,"column":52}},"9":{"start":{"line":14,"column":4},"end":{"line":14,"column":61}},"10":{"start":{"line":18,"column":0},"end":{"line":18,"column":22}}},"fnMap":{"0":{"name":"(anonymous_1)","decl":{"start":{"line":8,"column":16},"end":{"line":8,"column":21}},"loc":{"start":{"line":8,"column":35},"end":{"line":16,"column":1}}}},"branchMap":{},"s":{"0":1,"1":1,"2":1,"3":1,"4":1,"5":0,"6":0,"7":0,"8":0,"9":0,"10":1},"f":{"0":0},"b":{}}
,"C:\\Users\\Ellen\\VS Code\\API och backend\\github_actions_lesson\\src\\routes\\users.ts": {"path":"C:\\Users\\Ellen\\VS Code\\API och backend\\github_actions_lesson\\src\\routes\\users.ts","statementMap":{"0":{"start":{"line":1,"column":0},"end":{"line":1,"column":30}},"1":{"start":{"line":2,"column":0},"end":{"line":2,"column":37}},"2":{"start":{"line":4,"column":15},"end":{"line":4,"column":31}},"3":{"start":{"line":6,"column":0},"end":{"line":27,"column":3}},"4":{"start":{"line":7,"column":17},"end":{"line":7,"column":27}},"5":{"start":{"line":8,"column":2},"end":{"line":26,"column":3}},"6":{"start":{"line":9,"column":17},"end":{"line":17,"column":6}},"7":{"start":{"line":18,"column":4},"end":{"line":20,"column":5}},"8":{"start":{"line":19,"column":6},"end":{"line":19,"column":63}},"9":{"start":{"line":21,"column":4},"end":{"line":21,"column":19}},"10":{"start":{"line":23,"column":4},"end":{"line":23,"column":25}},"11":{"start":{"line":24,"column":4},"end":{"line":24,"column":61}},"12":{"start":{"line":25,"column":4},"end":{"line":25,"column":16}},"13":{"start":{"line":29,"column":0},"end":{"line":29,"column":22}}},"fnMap":{"0":{"name":"(anonymous_1)","decl":{"start":{"line":6,"column":19},"end":{"line":6,"column":24}},"loc":{"start":{"line":6,"column":44},"end":{"line":27,"column":1}}}},"branchMap":{"0":{"loc":{"start":{"line":18,"column":4},"end":{"line":20,"column":5}},"type":"if","locations":[{"start":{"line":18,"column":4},"end":{"line":20,"column":5}}]}},"s":{"0":1,"1":1,"2":1,"3":1,"4":3,"5":3,"6":3,"7":2,"8":1,"9":1,"10":1,"11":1,"12":1,"13":1},"f":{"0":3},"b":{"0":[1]}}
}
