TN:
SF:src\index.ts
FN:28,(anonymous_1)
FN:35,(anonymous_2)
FNF:2
FNH:1
FNDA:0,(anonymous_1)
FNDA:1,(anonymous_2)
DA:1,1
DA:2,1
DA:3,1
DA:4,1
DA:6,1
DA:10,1
DA:14,1
DA:20,1
DA:22,1
DA:25,1
DA:26,1
DA:28,1
DA:29,0
DA:33,1
DA:34,1
DA:35,1
DA:38,1
LF:17
LH:16
BRDA:10,0,0,0
BRDA:10,0,1,1
BRDA:33,1,0,1
BRDA:34,2,0,1
BRDA:34,2,1,1
BRF:5
BRH:4
end_of_record
TN:
SF:src\routes\recipes.ts
FN:8,(anonymous_1)
FNF:1
FNH:0
FNDA:0,(anonymous_1)
DA:1,1
DA:2,1
DA:4,1
DA:5,1
DA:8,1
DA:9,0
DA:10,0
DA:11,0
DA:13,0
DA:14,0
DA:18,1
LF:11
LH:6
BRF:0
BRH:0
end_of_record
TN:
SF:src\routes\users.ts
FN:6,(anonymous_1)
FNF:1
FNH:1
FNDA:3,(anonymous_1)
DA:1,1
DA:2,1
DA:4,1
DA:6,1
DA:7,3
DA:8,3
DA:9,3
DA:18,2
DA:19,1
DA:21,1
DA:23,1
DA:24,1
DA:25,1
DA:29,1
LF:14
LH:14
BRDA:18,0,0,1
BRF:1
BRH:1
end_of_record
